<?xml version="1.0" encoding="utf-8"?><testsuites name="pytest tests"><testsuite name="pytest" errors="0" failures="3" skipped="0" tests="33" time="8.688" timestamp="2026-08-18T09:52:25.958036+00:00" hostname="agent-env-6746d078-8706-4bb7-8194-ee75a026f78e"><testcase classname="tests.backend_test.TestAuth" name="test_register_duplicate_fails" time="0.154" /><testcase classname="tests.backend_test.TestAuth" name="test_login_bad_password" time="0.294" /><testcase classname="tests.backend_test.TestAuth" name="test_login_good" time="0.445" /><testcase classname="tests.test_premium_admin.TestAdminEndpoints" name="test_non_admin_cannot_list_users" time="0.889" /><testcase classname="tests.backend_test.TestAuth" name="test_me_with_bearer" time="0.517" /><testcase classname="tests.backend_test.TestAuth" name="test_me_no_token" time="0.094" /><testcase classname="tests.backend_test.TestAuth" name="test_register_new_and_login" time="0.750" /><testcase classname="tests.test_premium_admin.TestAdminEndpoints" name="test_admin_lists_users" time="0.908" /><testcase classname="tests.test_premium_admin.TestAdminEndpoints" name="test_toggle_premium_on_off" time="0.866" /><testcase classname="tests.test_premium_admin.TestAdminEndpoints" name="test_toggle_premium_unknown_user_404" time="0.100" /><testcase classname="tests.test_premium_admin.TestAIPremiumGate" name="test_generate_content_402_for_non_premium" time="0.159" /><testcase classname="tests.test_public_endpoints.TestPublicCard" name="test_public_card_no_auth_ok" time="0.653" /><testcase classname="tests.test_public_endpoints.TestPublicCard" name="test_public_card_returns_full_data" time="0.226" /><testcase classname="tests.test_premium_admin.TestAIPremiumGate" name="test_generate_image_402_for_non_premium" time="0.165" /><testcase classname="tests.test_premium_admin.TestAIPremiumGate" name="test_ai_endpoints_require_auth" time="0.094" /><testcase classname="tests.test_public_endpoints.TestPublicCard" name="test_public_card_not_found" time="0.100" /><testcase classname="tests.test_premium_admin.TestStripeCheckout" name="test_checkout_returns_stripe_url" time="0.898" /><testcase classname="tests.test_public_endpoints.TestPublicCard" name="test_public_card_no_authorization_header_required" time="0.844" /><testcase classname="tests.test_premium_admin.TestStripeCheckout" name="test_payment_status_pending_before_pay" time="0.211" /><testcase classname="tests.backend_test.TestCards" name="test_create_get_update_delete" time="1.189" /><testcase classname="tests.test_premium_admin.TestStripeCheckout" name="test_payment_status_unknown_404" time="0.147" /><testcase classname="tests.backend_test.TestAIText" name="test_generate_content_spell_italian" time="0.365"><failure message="AssertionError: AI text failed: 402 {&quot;detail&quot;:&quot;Funzione Premium: attiva l'abbonamento per usare la generazione AI.&quot;}&#10;assert 402 == 200&#10; +  where 402 = &lt;Response [402]&gt;.status_code">backend/tests/backend_test.py:175: in test_generate_content_spell_italian
    assert r.status_code == 200, f"AI text failed: {r.status_code} {r.text[:300]}"
E   AssertionError: AI text failed: 402 {"detail":"Funzione Premium: attiva l'abbonamento per usare la generazione AI."}
E   assert 402 == 200
E    +  where 402 = &lt;Response [402]&gt;.status_code</failure></testcase><testcase classname="tests.backend_test.TestAIText" name="test_generate_content_monster_stat_block" time="0.086"><failure message="AssertionError: {&quot;detail&quot;:&quot;Funzione Premium: attiva l'abbonamento per usare la generazione AI.&quot;}&#10;assert 402 == 200&#10; +  where 402 = &lt;Response [402]&gt;.status_code">backend/tests/backend_test.py:190: in test_generate_content_monster_stat_block
    assert r.status_code == 200, r.text[:300]
E   AssertionError: {"detail":"Funzione Premium: attiva l'abbonamento per usare la generazione AI."}
E   assert 402 == 200
E    +  where 402 = &lt;Response [402]&gt;.status_code</failure></testcase><testcase classname="tests.backend_test.TestCards" name="test_cards_require_auth" time="0.284" /><testcase classname="tests.test_public_endpoints.TestPublicFiles" name="test_public_file_download_no_auth" time="1.081" /><testcase classname="tests.test_public_endpoints.TestPublicFiles" name="test_public_file_not_found" time="0.175" /><testcase classname="tests.backend_test" name="test_root" time="0.178" /><testcase classname="tests.test_premium_admin.TestAuthMeFlags" name="test_mago_me_flags" time="0.759" /><testcase classname="tests.backend_test.TestUpload" name="test_upload_and_serve" time="0.924" /><testcase classname="tests.test_premium_admin.TestAuthMeFlags" name="test_admin_me_flags" time="0.675" /><testcase classname="tests.backend_test.TestAIImage" name="test_generate_image_and_serve" time="0.074"><failure message="AssertionError: AI image failed: 402 {&quot;detail&quot;:&quot;Funzione Premium: attiva l'abbonamento per usare la generazione AI.&quot;}&#10;assert 402 == 200&#10; +  where 402 = &lt;Response [402]&gt;.status_code">backend/tests/backend_test.py:209: in test_generate_image_and_serve
    assert r.status_code == 200, f"AI image failed: {r.status_code} {r.text[:300]}"
E   AssertionError: AI image failed: 402 {"detail":"Funzione Premium: attiva l'abbonamento per usare la generazione AI."}
E   assert 402 == 200
E    +  where 402 = &lt;Response [402]&gt;.status_code</failure></testcase><testcase classname="tests.test_premium_admin.TestPublicCardRegression" name="test_public_card_still_reachable" time="0.740" /><testcase classname="tests.test_premium_admin.TestCleanup" name="test_final_state_mago_not_premium" time="1.265" /></testsuite></testsuites>