<?xml version="1.0" encoding="utf-8"?><testsuites name="pytest tests"><testsuite name="pytest" errors="0" failures="0" skipped="0" tests="14" time="4.048" timestamp="2026-08-18T09:46:55.258973+00:00" hostname="agent-env-6746d078-8706-4bb7-8194-ee75a026f78e"><testcase classname="tests.test_premium_admin.TestAIPremiumGate" name="test_generate_content_402_for_non_premium" time="0.696" /><testcase classname="tests.test_premium_admin.TestAdminEndpoints" name="test_non_admin_cannot_list_users" time="0.801" /><testcase classname="tests.test_premium_admin.TestAIPremiumGate" name="test_generate_image_402_for_non_premium" time="0.179" /><testcase classname="tests.test_premium_admin.TestAIPremiumGate" name="test_ai_endpoints_require_auth" time="0.358" /><testcase classname="tests.test_premium_admin.TestStripeCheckout" name="test_checkout_returns_stripe_url" time="1.047" /><testcase classname="tests.test_premium_admin.TestAdminEndpoints" name="test_admin_lists_users" time="1.589" /><testcase classname="tests.test_premium_admin.TestStripeCheckout" name="test_payment_status_pending_before_pay" time="0.280" /><testcase classname="tests.test_premium_admin.TestAdminEndpoints" name="test_toggle_premium_on_off" time="0.853" /><testcase classname="tests.test_premium_admin.TestStripeCheckout" name="test_payment_status_unknown_404" time="0.157" /><testcase classname="tests.test_premium_admin.TestAuthMeFlags" name="test_mago_me_flags" time="0.116" /><testcase classname="tests.test_premium_admin.TestAdminEndpoints" name="test_toggle_premium_unknown_user_404" time="0.125" /><testcase classname="tests.test_premium_admin.TestAuthMeFlags" name="test_admin_me_flags" time="0.519" /><testcase classname="tests.test_premium_admin.TestPublicCardRegression" name="test_public_card_still_reachable" time="0.223" /><testcase classname="tests.test_premium_admin.TestCleanup" name="test_final_state_mago_not_premium" time="0.359" /></testsuite></testsuites>