<?xml version="1.0" encoding="utf-8"?><testsuites name="pytest tests"><testsuite name="pytest" errors="0" failures="0" skipped="0" tests="6" time="1.714" timestamp="2026-08-18T09:02:45.438886+00:00" hostname="agent-env-6746d078-8706-4bb7-8194-ee75a026f78e"><testcase classname="tests.test_public_endpoints.TestPublicCard" name="test_public_card_no_auth_ok" time="0.859" /><testcase classname="tests.test_public_endpoints.TestPublicCard" name="test_public_card_returns_full_data" time="0.295" /><testcase classname="tests.test_public_endpoints.TestPublicFiles" name="test_public_file_download_no_auth" time="1.139" /><testcase classname="tests.test_public_endpoints.TestPublicFiles" name="test_public_file_not_found" time="0.101" /><testcase classname="tests.test_public_endpoints.TestPublicCard" name="test_public_card_not_found" time="0.103" /><testcase classname="tests.test_public_endpoints.TestPublicCard" name="test_public_card_no_authorization_header_required" time="0.120" /></testsuite></testsuites>