<?xml version="1.0" encoding="utf-8"?><testsuites name="pytest tests"><testsuite name="pytest" errors="0" failures="0" skipped="0" tests="13" time="25.295" timestamp="2026-08-18T06:15:15.787446+00:00" hostname="agent-env-6746d078-8706-4bb7-8194-ee75a026f78e"><testcase classname="tests.backend_test.TestAuth" name="test_register_duplicate_fails" time="0.117" /><testcase classname="tests.backend_test.TestAuth" name="test_login_bad_password" time="0.453" /><testcase classname="tests.backend_test.TestCards" name="test_create_get_update_delete" time="1.617" /><testcase classname="tests.backend_test.TestAuth" name="test_login_good" time="0.267" /><testcase classname="tests.backend_test.TestAuth" name="test_me_with_bearer" time="0.350" /><testcase classname="tests.backend_test.TestAuth" name="test_me_no_token" time="0.159" /><testcase classname="tests.backend_test.TestAuth" name="test_register_new_and_login" time="0.642" /><testcase classname="tests.backend_test.TestCards" name="test_cards_require_auth" time="0.273" /><testcase classname="tests.backend_test.TestAIText" name="test_generate_content_spell_italian" time="10.780" /><testcase classname="tests.backend_test" name="test_root" time="0.076" /><testcase classname="tests.backend_test.TestAIImage" name="test_generate_image_and_serve" time="11.873" /><testcase classname="tests.backend_test.TestAIText" name="test_generate_content_monster_stat_block" time="11.473" /><testcase classname="tests.backend_test.TestUpload" name="test_upload_and_serve" time="0.598" /></testsuite></testsuites>